16.1
29.5
43.8
37.4
48.8
15.3
44.5
44.8
24.5
55.0
8.17
56.6
26.8
40.9
37.0
22.0
34.0
21.2
19.8
51.4
17.9
21.4
49.0
14.1
9.00
54.8
46.6
11.5
11.1
41.5
53.5
18.3
12.6
50.3
25.6
8.60
54.4
40.4
50.3
12.8
59.2
26.8
41.0
37.2
34.1
48.1
9.61
55.4
19.7
41.3
40.5
24.6
55.1
17.2
25.9
39.8
51.5
47.6
41.2
16.8
28.9
23.4
37.3
52.4
15.5
26.3
40.4
48.9
44.4
11.2
23.3
36.6
32.3
46.5
25.6
21.1
51.8
14.3
28.7
41.5
53.9
17.0
18.7
16.8
44.7
9.57
55.5
38.5
49.5
11.4
10.1
26.8
39.1
34.6
38.3
50.2
14.5
16.9
40.6
13.4

