58.3
11.7
34.9
13.3
12.7
36.4
36.8
68.4
15.1
30.6
9.56
5.84
21.3
34.0
29.2
42.9
53.5
12.4
12.9
44.8
39.9
4.22
7.59
20.0
32.9
47.2
45.8
9.50
19.6
19.1
48.4
13.0
5.37
51.6
9.53
34.6
31.2
11.9
23.5
5.10
17.3
26.3
41.0
19.1
18.0
46.8
7.71
6.57
6.17
19.2
28.9
41.2
36.2
50.2
12.1
21.9
32.6
45.6
4.27
51.2
28.0
39.0
36.6
34.2
46.0
7.23
53.8
31.9
44.8
5.06
18.8
30.0
41.2
37.9
36.1
4.33
15.8
14.1
29.4
37.4
69.2
45.7
5.12
19.8
19.1
27.5
35.6
30.0
29.9
41.8
6.20
20.1
47.3
10.9
24.4
22.5
11.1
23.4
20.3
17.5

