20.2
37.6
31.6
45.7
10.5
65.6
34.6
49.8
29.3
26.9
42.5
10.6
11.3
9.28
24.8
37.5
39.5
52.6
40.4
40.1
37.7
46.8
8.87
22.4
55.3
18.6
31.0
29.9
34.1
47.7
44.6
38.8
52.1
39.4
34.8
14.3
28.4
10.4
20.8
37.4
57.3
11.2
44.4
20.2
33.9
34.3
53.2
17.8
25.9
25.7
42.1
10.6
58.0
22.8
16.9
10.2
50.3
10.3
39.9
36.1
35.7
55.7
22.7
36.4
27.8
39.4
24.4
19.7
54.6
18.1
18.0
51.1
18.3
49.1
51.5
40.3
53.4
10.6
24.5
38.5
52.8
50.7
34.7
12.3
8.73
11.1
33.7
49.3
16.9
51.7
21.9
36.6
33.0
12.4
36.1
35.0
28.0
43.0
26.4
26.8
