23.4
18.1
47.1
5.81
4.24
48.2
12.5
38.7
32.7
13.1
22.9
51.7
9.70
18.4
28.1
61.8
33.4
5.80
16.1
7.18
19.6
29.4
39.5
26.8
36.2
41.0
33.7
25.7
32.1
42.4
33.5
8.13
16.4
23.2
17.5
45.7
7.98
43.8
40.5
21.9
30.2
6.08
35.0
45.6
51.0
4.89
52.5
28.6
40.8
40.6
37.1
48.7
6.01
50.2
28.0
41.4
18.6
35.1
46.0
5.99
6.74
50.9
11.0
37.8
31.6
29.2
38.3
48.5
10.3
37.8
49.4
9.42
52.1
29.5
41.6
4.52
46.9
4.94
31.3
29.7
24.9
32.9
44.4
23.8
48.7
7.39
13.4
3.57
29.6
20.2
27.6
19.9
32.7
26.3
4.87
50.3
9.28
29.4
9.93
43.1
