133
0.201
0.051
0.045
0.050
0.052
0.053
0.052
0.046
0.046
0.046
0.078
0.044
0.045
0.046
0.081
0.233
0.047
0.043
0.046
0.045
0.047
0.047
0.045
0.051
0.045
0.046
0.052
0.047
0.046
0.052
0.045
0.051
0.045
0.046
0.045
0.049
0.047
0.044
0.052
0.046
0.046
0.047
0.052
0.045
0.048
0.047
0.046
0.047
0.045
0.045
0.047
0.054
0.046
0.047
0.054
0.046
0.045
0.052
0.047
0.048
0.048
0.051
0.048
0.045
0.046
0.045
0.043
0.046
0.055
0.046
0.045
0.050
0.055
0.053
0.049
0.054
0.046
0.052
0.046
0.052
0.047
0.052
0.052
0.046
0.047
0.053
0.051
0.053
0.046
0.048
0.047
0.052
0.046
0.047
0.047
0.047
0.046
0.047
0.047
